<?xml version="1.0" encoding="UTF-8"?>
<!-- Generated by org.testng.reporters.JUnitReportReporter -->
<testsuite hostname="DESKTOP-68HC2FU" failures="0" tests="6" name="testClasses.HomePageTestClass" time="42.121" errors="0" timestamp="2024-08-08T03:01:21 IST" skipped="0">
  <testcase classname="testClasses.HomePageTestClass" name="verifyMainMenuLinkTitles" time="7.528"/>
  <system-out/>
  <testcase classname="testClasses.HomePageTestClass" name="verifyMainMenuLinkTitles" time="5.759"/>
  <system-out/>
  <testcase classname="testClasses.HomePageTestClass" name="verifyLogOutProcess" time="6.897"/>
  <system-out/>
  <testcase classname="testClasses.HomePageTestClass" name="verifyLogOutProcess" time="6.647"/>
  <system-out/>
  <testcase classname="testClasses.HomePageTestClass" name="verifyFooterText" time="5.541"/>
  <system-out/>
  <testcase classname="testClasses.HomePageTestClass" name="verifyFooterText" time="9.749"/>
  <system-out/>
</testsuite> <!-- testClasses.HomePageTestClass -->
