<?xml version="1.0" encoding="UTF-8"?>
<!-- Generated by org.testng.reporters.JUnitReportReporter -->
<testsuite hostname="DESKTOP-68HC2FU" failures="0" tests="10" name="testClasses.LoginPageTestClass" time="70.156" errors="0" timestamp="2024-08-08T03:01:21 IST" skipped="0">
  <testcase classname="testClasses.LoginPageTestClass" name="verfySuccesfullLogin" time="7.229"/>
  <system-out/>
  <testcase classname="testClasses.LoginPageTestClass" name="verfySuccesfullLogin" time="10.431"/>
  <system-out/>
  <testcase classname="testClasses.LoginPageTestClass" name="verifyUnsuccessfulLogin" time="4.664"/>
  <system-out/>
  <testcase classname="testClasses.LoginPageTestClass" name="verifyUnsuccessfulLogin" time="4.176"/>
  <system-out/>
  <testcase classname="testClasses.LoginPageTestClass" name="verifyUnsuccessfulLogin" time="4.169"/>
  <system-out/>
  <testcase classname="testClasses.LoginPageTestClass" name="verifyUnsuccessfulLogin" time="4.993"/>
  <system-out/>
  <testcase classname="testClasses.LoginPageTestClass" name="verifyUnsuccessfulLogin" time="16.893"/>
  <system-out/>
  <testcase classname="testClasses.LoginPageTestClass" name="verifyUnsuccessfulLogin" time="6.878"/>
  <system-out/>
  <testcase classname="testClasses.LoginPageTestClass" name="verifyTheExpectedPageisOpensWhileHittingTheUrl" time="4.637"/>
  <system-out/>
  <testcase classname="testClasses.LoginPageTestClass" name="verifyTheExpectedPageisOpensWhileHittingTheUrl" time="6.086"/>
  <system-out/>
</testsuite> <!-- testClasses.LoginPageTestClass -->
