<?xml version="1.0" encoding="UTF-8"?>
<!-- Generated by org.testng.reporters.JUnitReportReporter -->
<testsuite hostname="DESKTOP-68HC2FU" failures="0" tests="3" name="testClasses.WorkerTestClass" time="37.698" errors="0" timestamp="2024-08-08T03:01:21 IST" skipped="0">
  <testcase classname="testClasses.WorkerTestClass" name="verifyToCreateWorker" time="23.472"/>
  <system-out/>
  <testcase classname="testClasses.WorkerTestClass" name="verifyWorkerSearch" time="7.252"/>
  <system-out/>
  <testcase classname="testClasses.WorkerTestClass" name="verifyPaginationWorkerPage" time="6.974"/>
  <system-out/>
</testsuite> <!-- testClasses.WorkerTestClass -->
